<?xml version="1.0" encoding="UTF-8"?>
<testng-results ignored="0" total="1" passed="1" failed="0" skipped="0">
  <reporter-output>
  </reporter-output>
  <suite started-at="2021-04-06T10:00:16 IST" name="Default suite" finished-at="2021-04-06T10:00:16 IST" duration-ms="424">
    <groups>
    </groups>
    <test started-at="2021-04-06T10:00:16 IST" name="Default test" finished-at="2021-04-06T10:00:16 IST" duration-ms="424">
      <class name="com.rmgTest.AssignmentPojo">
        <test-method signature="assignment()[pri:0, instance:com.rmgTest.AssignmentPojo@3cc1435c]" started-at="2021-04-06T10:00:16 IST" name="assignment" finished-at="2021-04-06T10:00:16 IST" duration-ms="369" status="PASS">
          <reporter-output>
          </reporter-output>
        </test-method> <!-- assignment -->
      </class> <!-- com.rmgTest.AssignmentPojo -->
    </test> <!-- Default test -->
  </suite> <!-- Default suite -->
</testng-results>
