<?xml version="1.0" encoding="UTF-8"?>
<testng-results ignored="0" total="1" passed="1" failed="0" skipped="0">
  <reporter-output>
  </reporter-output>
  <suite started-at="2021-04-06T12:11:21 IST" name="Default suite" finished-at="2021-04-06T12:11:24 IST" duration-ms="3091">
    <groups>
    </groups>
    <test started-at="2021-04-06T12:11:21 IST" name="Default test" finished-at="2021-04-06T12:11:24 IST" duration-ms="3091">
      <class name="com.rmgTest.GetProjectPath">
        <test-method signature="getProject()[pri:0, instance:com.rmgTest.GetProjectPath@87a85e1]" started-at="2021-04-06T12:11:21 IST" name="getProject" finished-at="2021-04-06T12:11:24 IST" duration-ms="3028" status="PASS">
          <reporter-output>
          </reporter-output>
        </test-method> <!-- getProject -->
      </class> <!-- com.rmgTest.GetProjectPath -->
    </test> <!-- Default test -->
  </suite> <!-- Default suite -->
</testng-results>
